<?xml version="1.0" encoding="UTF-8"?>
<testsuite name="com.example.spring.ApplicationTests" tests="1" skipped="0" failures="0" errors="0" timestamp="2020-05-21T07:10:00" hostname="recruit-ThinkCentre-M73" time="0.382">
  <properties/>
  <testcase name="userSecurityTest()" classname="com.example.spring.ApplicationTests" time="0.382"/>
  <system-out><![CDATA[09:09:57.404 [Test worker] DEBUG org.springframework.test.context.BootstrapUtils - Instantiating CacheAwareContextLoaderDelegate from class [org.springframework.test.context.cache.DefaultCacheAwareContextLoaderDelegate]
09:09:57.421 [Test worker] DEBUG org.springframework.test.context.BootstrapUtils - Instantiating BootstrapContext using constructor [public org.springframework.test.context.support.DefaultBootstrapContext(java.lang.Class,org.springframework.test.context.CacheAwareContextLoaderDelegate)]
09:09:57.458 [Test worker] DEBUG org.springframework.test.context.BootstrapUtils - Instantiating TestContextBootstrapper for test class [com.example.spring.ApplicationTests] from class [org.springframework.boot.test.context.SpringBootTestContextBootstrapper]
09:09:57.474 [Test worker] INFO org.springframework.boot.test.context.SpringBootTestContextBootstrapper - Neither @ContextConfiguration nor @ContextHierarchy found for test class [com.example.spring.ApplicationTests], using SpringBootContextLoader
09:09:57.479 [Test worker] DEBUG org.springframework.test.context.support.AbstractContextLoader - Did not detect default resource location for test class [com.example.spring.ApplicationTests]: class path resource [com/example/spring/ApplicationTests-context.xml] does not exist
09:09:57.480 [Test worker] DEBUG org.springframework.test.context.support.AbstractContextLoader - Did not detect default resource location for test class [com.example.spring.ApplicationTests]: class path resource [com/example/spring/ApplicationTestsContext.groovy] does not exist
09:09:57.481 [Test worker] INFO org.springframework.test.context.support.AbstractContextLoader - Could not detect default resource locations for test class [com.example.spring.ApplicationTests]: no resource found for suffixes {-context.xml, Context.groovy}.
09:09:57.482 [Test worker] INFO org.springframework.test.context.support.AnnotationConfigContextLoaderUtils - Could not detect default configuration classes for test class [com.example.spring.ApplicationTests]: ApplicationTests does not declare any static, non-private, non-final, nested classes annotated with @Configuration.
09:09:57.536 [Test worker] DEBUG org.springframework.test.context.support.ActiveProfilesUtils - Could not find an 'annotation declaring class' for annotation type [org.springframework.test.context.ActiveProfiles] and class [com.example.spring.ApplicationTests]
09:09:57.638 [Test worker] DEBUG org.springframework.context.annotation.ClassPathScanningCandidateComponentProvider - Identified candidate component class: file [/home/recruit/Documents/IntelliJ/spring/build/classes/java/main/com/example/spring/Application.class]
09:09:57.639 [Test worker] INFO org.springframework.boot.test.context.SpringBootTestContextBootstrapper - Found @SpringBootConfiguration com.example.spring.Application for test class com.example.spring.ApplicationTests
09:09:57.759 [Test worker] DEBUG org.springframework.boot.test.context.SpringBootTestContextBootstrapper - @TestExecutionListeners is not present for class [com.example.spring.ApplicationTests]: using defaults.
09:09:57.760 [Test worker] INFO org.springframework.boot.test.context.SpringBootTestContextBootstrapper - Loaded default TestExecutionListener class names from location [META-INF/spring.factories]: [org.springframework.boot.test.autoconfigure.restdocs.RestDocsTestExecutionListener, org.springframework.boot.test.autoconfigure.web.client.MockRestServiceServerResetTestExecutionListener, org.springframework.boot.test.autoconfigure.web.servlet.MockMvcPrintOnlyOnFailureTestExecutionListener, org.springframework.boot.test.autoconfigure.web.servlet.WebDriverTestExecutionListener, org.springframework.boot.test.autoconfigure.webservices.client.MockWebServiceServerTestExecutionListener, org.springframework.boot.test.mock.mockito.MockitoTestExecutionListener, org.springframework.boot.test.mock.mockito.ResetMocksTestExecutionListener, org.springframework.test.context.web.ServletTestExecutionListener, org.springframework.test.context.support.DirtiesContextBeforeModesTestExecutionListener, org.springframework.test.context.support.DependencyInjectionTestExecutionListener, org.springframework.test.context.support.DirtiesContextTestExecutionListener, org.springframework.test.context.transaction.TransactionalTestExecutionListener, org.springframework.test.context.jdbc.SqlScriptsTestExecutionListener, org.springframework.test.context.event.EventPublishingTestExecutionListener]
09:09:57.774 [Test worker] DEBUG org.springframework.boot.test.context.SpringBootTestContextBootstrapper - Skipping candidate TestExecutionListener [org.springframework.test.context.transaction.TransactionalTestExecutionListener] due to a missing dependency. Specify custom listener classes or make the default listener classes and their required dependencies available. Offending class: [org/springframework/transaction/interceptor/TransactionAttributeSource]
09:09:57.776 [Test worker] DEBUG org.springframework.boot.test.context.SpringBootTestContextBootstrapper - Skipping candidate TestExecutionListener [org.springframework.test.context.jdbc.SqlScriptsTestExecutionListener] due to a missing dependency. Specify custom listener classes or make the default listener classes and their required dependencies available. Offending class: [org/springframework/transaction/interceptor/TransactionAttribute]
09:09:57.776 [Test worker] INFO org.springframework.boot.test.context.SpringBootTestContextBootstrapper - Using TestExecutionListeners: [org.springframework.test.context.web.ServletTestExecutionListener@77d208b7, org.springframework.test.context.support.DirtiesContextBeforeModesTestExecutionListener@1be2a218, org.springframework.boot.test.mock.mockito.MockitoTestExecutionListener@439b20b7, org.springframework.boot.test.autoconfigure.SpringBootDependencyInjectionTestExecutionListener@378f9342, org.springframework.test.context.support.DirtiesContextTestExecutionListener@507fb2b4, org.springframework.test.context.event.EventPublishingTestExecutionListener@5e0328c1, org.springframework.boot.test.autoconfigure.restdocs.RestDocsTestExecutionListener@4487352e, org.springframework.boot.test.autoconfigure.web.client.MockRestServiceServerResetTestExecutionListener@fd9bb7f, org.springframework.boot.test.autoconfigure.web.servlet.MockMvcPrintOnlyOnFailureTestExecutionListener@229e5222, org.springframework.boot.test.autoconfigure.web.servlet.WebDriverTestExecutionListener@651c3390, org.springframework.boot.test.autoconfigure.webservices.client.MockWebServiceServerTestExecutionListener@18cf4458, org.springframework.boot.test.mock.mockito.ResetMocksTestExecutionListener@5a8f067d]
09:09:57.782 [Test worker] DEBUG org.springframework.test.context.support.AbstractDirtiesContextTestExecutionListener - Before test class: context [DefaultTestContext@3b89d902 testClass = ApplicationTests, testInstance = [null], testMethod = [null], testException = [null], mergedContextConfiguration = [WebMergedContextConfiguration@53a1437f testClass = ApplicationTests, locations = '{}', classes = '{class com.example.spring.Application}', contextInitializerClasses = '[]', activeProfiles = '{}', propertySourceLocations = '{}', propertySourceProperties = '{org.springframework.boot.test.context.SpringBootTestContextBootstrapper=true, server.port=0}', contextCustomizers = set[org.springframework.boot.test.autoconfigure.properties.PropertyMappingContextCustomizer@0, org.springframework.boot.test.autoconfigure.web.servlet.WebDriverContextCustomizerFactory$Customizer@8d8d6cc, org.springframework.boot.test.context.filter.ExcludeFilterContextCustomizer@6085a070, org.springframework.boot.test.json.DuplicateJsonObjectContextCustomizerFactory$DuplicateJsonObjectContextCustomizer@72501cf2, org.springframework.boot.test.mock.mockito.MockitoContextCustomizer@0, org.springframework.boot.test.web.client.TestRestTemplateContextCustomizer@11e97221, org.springframework.boot.test.context.SpringBootTestArgs@1], resourceBasePath = 'src/main/webapp', contextLoader = 'org.springframework.boot.test.context.SpringBootContextLoader', parent = [null]], attributes = map['org.springframework.test.context.web.ServletTestExecutionListener.activateListener' -> false]], class annotated with @DirtiesContext [false] with mode [null].
09:09:57.801 [Test worker] DEBUG org.springframework.test.context.support.DependencyInjectionTestExecutionListener - Performing dependency injection for test context [[DefaultTestContext@3b89d902 testClass = ApplicationTests, testInstance = com.example.spring.ApplicationTests@3c52c994, testMethod = [null], testException = [null], mergedContextConfiguration = [WebMergedContextConfiguration@53a1437f testClass = ApplicationTests, locations = '{}', classes = '{class com.example.spring.Application}', contextInitializerClasses = '[]', activeProfiles = '{}', propertySourceLocations = '{}', propertySourceProperties = '{org.springframework.boot.test.context.SpringBootTestContextBootstrapper=true, server.port=0}', contextCustomizers = set[org.springframework.boot.test.autoconfigure.properties.PropertyMappingContextCustomizer@0, org.springframework.boot.test.autoconfigure.web.servlet.WebDriverContextCustomizerFactory$Customizer@8d8d6cc, org.springframework.boot.test.context.filter.ExcludeFilterContextCustomizer@6085a070, org.springframework.boot.test.json.DuplicateJsonObjectContextCustomizerFactory$DuplicateJsonObjectContextCustomizer@72501cf2, org.springframework.boot.test.mock.mockito.MockitoContextCustomizer@0, org.springframework.boot.test.web.client.TestRestTemplateContextCustomizer@11e97221, org.springframework.boot.test.context.SpringBootTestArgs@1], resourceBasePath = 'src/main/webapp', contextLoader = 'org.springframework.boot.test.context.SpringBootContextLoader', parent = [null]], attributes = map['org.springframework.test.context.web.ServletTestExecutionListener.activateListener' -> false]]].
09:09:57.829 [Test worker] DEBUG org.springframework.test.context.support.TestPropertySourceUtils - Adding inlined properties to environment: {spring.jmx.enabled=false, org.springframework.boot.test.context.SpringBootTestContextBootstrapper=true, server.port=0}

  .   ____          _            __ _ _
 /\\ / ___'_ __ _ _(_)_ __  __ _ \ \ \ \
( ( )\___ | '_ | '_| | '_ \/ _` | \ \ \ \
 \\/  ___)| |_)| | | | | || (_| |  ) ) ) )
  '  |____| .__|_| |_|_| |_\__, | / / / /
 =========|_|==============|___/=/_/_/_/
 :: Spring Boot ::        (v2.3.0.RELEASE)

2020-05-21 09:09:58.326  INFO 30358 --- [    Test worker] com.example.spring.ApplicationTests      : Starting ApplicationTests on recruit-ThinkCentre-M73 with PID 30358 (started by recruit in /home/recruit/Documents/IntelliJ/spring)
2020-05-21 09:09:58.329  INFO 30358 --- [    Test worker] com.example.spring.ApplicationTests      : No active profile set, falling back to default profiles: default
2020-05-21 09:09:59.745  INFO 30358 --- [    Test worker] o.s.b.w.embedded.tomcat.TomcatWebServer  : Tomcat initialized with port(s): 0 (http)
2020-05-21 09:09:59.758  INFO 30358 --- [    Test worker] o.apache.catalina.core.StandardService   : Starting service [Tomcat]
2020-05-21 09:09:59.759  INFO 30358 --- [    Test worker] org.apache.catalina.core.StandardEngine  : Starting Servlet engine: [Apache Tomcat/9.0.35]
2020-05-21 09:09:59.875  INFO 30358 --- [    Test worker] o.a.c.c.C.[Tomcat].[localhost].[/]       : Initializing Spring embedded WebApplicationContext
2020-05-21 09:09:59.876  INFO 30358 --- [    Test worker] o.s.web.context.ContextLoader            : Root WebApplicationContext: initialization completed in 1519 ms
2020-05-21 09:10:00.252  INFO 30358 --- [    Test worker] o.s.s.concurrent.ThreadPoolTaskExecutor  : Initializing ExecutorService 'applicationTaskExecutor'
2020-05-21 09:10:00.578  INFO 30358 --- [    Test worker] .s.s.UserDetailsServiceAutoConfiguration : 

Using generated security password: 341b1d3b-0000-4f0f-9236-4e75a4d27e83

2020-05-21 09:10:00.730  INFO 30358 --- [    Test worker] o.s.s.web.DefaultSecurityFilterChain     : Creating filter chain: any request, [org.springframework.security.web.context.request.async.WebAsyncManagerIntegrationFilter@3d947d36, org.springframework.security.web.context.SecurityContextPersistenceFilter@9c6afa0, org.springframework.security.web.header.HeaderWriterFilter@73128452, org.springframework.security.web.csrf.CsrfFilter@39ee974a, org.springframework.security.web.authentication.logout.LogoutFilter@3ff91dbf, org.springframework.security.web.authentication.UsernamePasswordAuthenticationFilter@2ae63c18, org.springframework.security.web.authentication.ui.DefaultLoginPageGeneratingFilter@64a5e9ba, org.springframework.security.web.authentication.ui.DefaultLogoutPageGeneratingFilter@392c7f2e, org.springframework.security.web.authentication.www.BasicAuthenticationFilter@5d90b517, org.springframework.security.web.savedrequest.RequestCacheAwareFilter@74c973cc, org.springframework.security.web.servletapi.SecurityContextHolderAwareRequestFilter@12d85d88, org.springframework.security.web.authentication.AnonymousAuthenticationFilter@64a0514c, org.springframework.security.web.session.SessionManagementFilter@44632132, org.springframework.security.web.access.ExceptionTranslationFilter@323697e4, org.springframework.security.web.access.intercept.FilterSecurityInterceptor@4024d359]
2020-05-21 09:10:00.818  INFO 30358 --- [    Test worker] o.s.b.w.embedded.tomcat.TomcatWebServer  : Tomcat started on port(s): 34161 (http) with context path ''
2020-05-21 09:10:00.830  INFO 30358 --- [    Test worker] com.example.spring.ApplicationTests      : Started ApplicationTests in 2.996 seconds (JVM running for 4.381)
2020-05-21 09:10:00.835  INFO 30358 --- [    Test worker] f.a.AutowiredAnnotationBeanPostProcessor : Autowired annotation should only be used on methods with parameters: void com.example.spring.ApplicationTests.userSecurityTest()
Error: java.lang.NullPointerException
Error: java.lang.NullPointerException
]]></system-out>
  <system-err><![CDATA[]]></system-err>
</testsuite>
